<?xml version="1.0" encoding="UTF-8"?>
<testng-results ignored="0" total="1" passed="1" failed="0" skipped="0">
  <reporter-output>
  </reporter-output>
  <suite started-at="2021-12-21T14:39:29Z" name="Default suite" finished-at="2021-12-21T14:39:39Z" duration-ms="10045">
    <groups>
    </groups>
    <test started-at="2021-12-21T14:39:29Z" name="Default test" finished-at="2021-12-21T14:39:39Z" duration-ms="10045">
      <class name="SelPrac.CheckboxTest">
        <test-method signature="test()[pri:0, instance:SelPrac.CheckboxTest@6892b3b6]" started-at="2021-12-21T14:39:29Z" name="test" finished-at="2021-12-21T14:39:39Z" duration-ms="10010" status="PASS">
          <reporter-output>
          </reporter-output>
        </test-method> <!-- test -->
      </class> <!-- SelPrac.CheckboxTest -->
    </test> <!-- Default test -->
  </suite> <!-- Default suite -->
</testng-results>
